<?xml version="1.0" encoding="UTF-8"?>
<!-- Generated by org.testng.reporters.JUnitReportReporter -->
<testsuite hostname="LAPTOP-ARUHMQQE" failures="0" tests="1" name="project_Activities.NewTest" time="16.201" errors="0" timestamp="2020-09-23T05:29:29 GMT-05:00" skipped="0">
  <testcase classname="project_Activities.NewTest" name="f" time="16.201"/>
  <system-out/>
</testsuite> <!-- project_Activities.NewTest -->
