<?xml version="1.0" encoding="UTF-8"?>
<!-- Generated by org.testng.reporters.JUnitReportReporter -->
<testsuite hostname="LAPTOP-ARUHMQQE" failures="0" tests="1" name="project_Activities.Alchemypopup" time="39.267" errors="0" timestamp="2020-09-24T03:27:24 GMT-05:00" skipped="0">
  <testcase classname="project_Activities.Alchemypopup" name="f" time="39.267"/>
  <system-out/>
</testsuite> <!-- project_Activities.Alchemypopup -->
