<?xml version="1.0" encoding="UTF-8"?>
<!-- Generated by org.testng.reporters.JUnitReportReporter -->
<testsuite hostname="LAPTOP-ARUHMQQE" failures="0" tests="1" name="project_Activities.GoogleToDo" time="44.637" errors="0" timestamp="2020-09-23T10:35:57 GMT-05:00" skipped="0">
  <testcase classname="project_Activities.GoogleToDo" name="f" time="44.637"/>
  <system-out/>
</testsuite> <!-- project_Activities.GoogleToDo -->
